<?xml version="1.0" encoding="UTF-8"?>
<testng-results skipped="0" failed="2" ignored="0" total="2" passed="0">
  <reporter-output>
    <line>
      <![CDATA[About to begin executing Suite Default suite]]>
    </line>
    <line>
      <![CDATA[About to begin executing Test Default test]]>
    </line>
    <line>
      <![CDATA[About to begin executing following method : TestBase.userLOgin]]>
    </line>
    <line>
      <![CDATA[Completed executing following method : TestBase.userLOgin]]>
    </line>
    <line>
      <![CDATA[About to begin executing following method : LoginTest.title_of_login_page_is_free_CRM]]>
    </line>
    <line>
      <![CDATA[Completed executing following method : LoginTest.title_of_login_page_is_free_CRM]]>
    </line>
    <line>
      <![CDATA[Test Method resides in com.A3test.pages.LoginTest]]>
    </line>
    <line>
      <![CDATA[Test Status: Failed]]>
    </line>
    <line>
      <![CDATA[Test Method resides in com.A3test.pages.LoginTest]]>
    </line>
    <line>
      <![CDATA[Test Status: Failed]]>
    </line>
    <line>
      <![CDATA[About to begin executing following method : TestBase.close_the_browser]]>
    </line>
    <line>
      <![CDATA[Completed executing following method : TestBase.close_the_browser]]>
    </line>
  </reporter-output>
  <suite name="Default suite" duration-ms="30806" started-at="2020-10-08T07:03:19Z" finished-at="2020-10-08T07:03:50Z">
    <groups>
    </groups>
    <test name="Default test" duration-ms="30806" started-at="2020-10-08T07:03:19Z" finished-at="2020-10-08T07:03:50Z">
      <class name="com.A3test.pages.LoginTest">
        <test-method status="PASS" signature="userLOgin()[pri:0, instance:com.A3test.pages.LoginTest@d8355a8]" name="userLOgin" is-config="true" duration-ms="22274" started-at="2020-10-08T12:33:20Z" finished-at="2020-10-08T12:33:42Z">
          <reporter-output>
            <line>
              <![CDATA[Completed executing following method : TestBase.userLOgin]]>
            </line>
          </reporter-output>
        </test-method> <!-- userLOgin -->
        <test-method status="FAIL" signature="title_of_login_page_is_free_CRM()[pri:0, instance:com.A3test.pages.LoginTest@d8355a8]" name="title_of_login_page_is_free_CRM" duration-ms="3704" started-at="2020-10-08T12:33:42Z" finished-at="2020-10-08T12:33:46Z">
          <exception class="java.lang.NullPointerException">
            <full-stacktrace>
              <![CDATA[java.lang.NullPointerException
	at com.A3test.pages.LoginTest.title_of_login_page_is_free_CRM(LoginTest.java:39)
	at sun.reflect.NativeMethodAccessorImpl.invoke0(Native Method)
	at sun.reflect.NativeMethodAccessorImpl.invoke(Unknown Source)
	at sun.reflect.DelegatingMethodAccessorImpl.invoke(Unknown Source)
	at java.lang.reflect.Method.invoke(Unknown Source)
	at org.testng.internal.MethodInvocationHelper.invokeMethod(MethodInvocationHelper.java:108)
	at org.testng.internal.Invoker.invokeMethod(Invoker.java:661)
	at org.testng.internal.Invoker.invokeTestMethod(Invoker.java:869)
	at org.testng.internal.Invoker.invokeTestMethods(Invoker.java:1193)
	at org.testng.internal.TestMethodWorker.invokeTestMethods(TestMethodWorker.java:126)
	at org.testng.internal.TestMethodWorker.run(TestMethodWorker.java:109)
	at org.testng.TestRunner.privateRun(TestRunner.java:744)
	at org.testng.TestRunner.run(TestRunner.java:602)
	at org.testng.SuiteRunner.runTest(SuiteRunner.java:380)
	at org.testng.SuiteRunner.runSequentially(SuiteRunner.java:375)
	at org.testng.SuiteRunner.privateRun(SuiteRunner.java:340)
	at org.testng.SuiteRunner.run(SuiteRunner.java:289)
	at org.testng.SuiteRunnerWorker.runSuite(SuiteRunnerWorker.java:52)
	at org.testng.SuiteRunnerWorker.run(SuiteRunnerWorker.java:86)
	at org.testng.TestNG.runSuitesSequentially(TestNG.java:1301)
	at org.testng.TestNG.runSuitesLocally(TestNG.java:1226)
	at org.testng.TestNG.runSuites(TestNG.java:1144)
	at org.testng.TestNG.run(TestNG.java:1115)
	at org.testng.remote.AbstractRemoteTestNG.run(AbstractRemoteTestNG.java:132)
	at org.testng.remote.RemoteTestNG.initAndRun(RemoteTestNG.java:230)
	at org.testng.remote.RemoteTestNG.main(RemoteTestNG.java:76)
]]>
            </full-stacktrace>
          </exception> <!-- java.lang.NullPointerException -->
          <reporter-output>
            <line>
              <![CDATA[About to begin executing following method : LoginTest.title_of_login_page_is_free_CRM]]>
            </line>
            <line>
              <![CDATA[Completed executing following method : LoginTest.title_of_login_page_is_free_CRM]]>
            </line>
            <line>
              <![CDATA[Test Method resides in com.A3test.pages.LoginTest]]>
            </line>
            <line>
              <![CDATA[Test Status: Failed]]>
            </line>
          </reporter-output>
        </test-method> <!-- title_of_login_page_is_free_CRM -->
        <test-method status="FAIL" signature="user_1enters_sourceDestination_and(java.lang.String, java.lang.String, java.lang.String)[pri:0, instance:com.A3test.pages.LoginTest@d8355a8]" name="user_1enters_sourceDestination_and" duration-ms="0" started-at="2020-10-08T12:33:48Z" finished-at="2020-10-08T12:33:48Z">
          <exception class="org.testng.TestNGException">
            <message>
              <![CDATA[
Cannot inject @Test annotated Method [user_1enters_sourceDestination_and] with [class java.lang.String, class java.lang.String, class java.lang.String].
For more information on native dependency injection please refer to http://testng.org/doc/documentation-main.html#native-dependency-injection]]>
            </message>
            <full-stacktrace>
              <![CDATA[org.testng.TestNGException: 
Cannot inject @Test annotated Method [user_1enters_sourceDestination_and] with [class java.lang.String, class java.lang.String, class java.lang.String].
For more information on native dependency injection please refer to http://testng.org/doc/documentation-main.html#native-dependency-injection
	at org.testng.internal.Parameters.checkParameterTypes(Parameters.java:244)
	at org.testng.internal.Parameters.createParameters(Parameters.java:172)
	at org.testng.internal.Parameters.createParameters(Parameters.java:458)
	at org.testng.internal.Parameters.handleParameters(Parameters.java:569)
	at org.testng.internal.Invoker.handleParameters(Invoker.java:1308)
	at org.testng.internal.Invoker.createParameters(Invoker.java:1036)
	at org.testng.internal.Invoker.invokeTestMethods(Invoker.java:1126)
	at org.testng.internal.TestMethodWorker.invokeTestMethods(TestMethodWorker.java:126)
	at org.testng.internal.TestMethodWorker.run(TestMethodWorker.java:109)
	at org.testng.TestRunner.privateRun(TestRunner.java:744)
	at org.testng.TestRunner.run(TestRunner.java:602)
	at org.testng.SuiteRunner.runTest(SuiteRunner.java:380)
	at org.testng.SuiteRunner.runSequentially(SuiteRunner.java:375)
	at org.testng.SuiteRunner.privateRun(SuiteRunner.java:340)
	at org.testng.SuiteRunner.run(SuiteRunner.java:289)
	at org.testng.SuiteRunnerWorker.runSuite(SuiteRunnerWorker.java:52)
	at org.testng.SuiteRunnerWorker.run(SuiteRunnerWorker.java:86)
	at org.testng.TestNG.runSuitesSequentially(TestNG.java:1301)
	at org.testng.TestNG.runSuitesLocally(TestNG.java:1226)
	at org.testng.TestNG.runSuites(TestNG.java:1144)
	at org.testng.TestNG.run(TestNG.java:1115)
	at org.testng.remote.AbstractRemoteTestNG.run(AbstractRemoteTestNG.java:132)
	at org.testng.remote.RemoteTestNG.initAndRun(RemoteTestNG.java:230)
	at org.testng.remote.RemoteTestNG.main(RemoteTestNG.java:76)
]]>
            </full-stacktrace>
          </exception> <!-- org.testng.TestNGException -->
          <reporter-output>
          </reporter-output>
        </test-method> <!-- user_1enters_sourceDestination_and -->
        <test-method status="PASS" signature="close_the_browser()[pri:0, instance:com.A3test.pages.LoginTest@d8355a8]" name="close_the_browser" is-config="true" duration-ms="1424" started-at="2020-10-08T12:33:49Z" finished-at="2020-10-08T12:33:50Z">
          <reporter-output>
            <line>
              <![CDATA[Completed executing following method : TestBase.close_the_browser]]>
            </line>
          </reporter-output>
        </test-method> <!-- close_the_browser -->
      </class> <!-- com.A3test.pages.LoginTest -->
    </test> <!-- Default test -->
  </suite> <!-- Default suite -->
</testng-results>
